#
# A fatal error has been detected by the Java Runtime Environment:
#
#  Internal Error (javaClasses.cpp:136), pid=10360, tid=4924
#  fatal error: Invalid layout of preloaded class
#
# JRE version:  (7.0_51-b13) (build )
# Java VM: Java HotSpot(TM) 64-Bit Server VM (24.51-b03 mixed mode windows-amd64 compressed oops)
# Failed to write core dump. Minidumps are not enabled by default on client versions of Windows
#
# If you would like to submit a bug report, please visit:
#   http://bugreport.sun.com/bugreport/crash.jsp
#

---------------  T H R E A D  ---------------

Current thread (0x0000000002b20800):  JavaThread "Unknown thread" [_thread_in_vm, id=4924, stack(0x0000000002a20000,0x0000000002b20000)]

Stack: [0x0000000002a20000,0x0000000002b20000]

---------------  P R O C E S S  ---------------

Java Threads: ( => current thread )

Other Threads:

=>0x0000000002b20800 (exited) JavaThread "Unknown thread" [_thread_in_vm, id=4924, stack(0x0000000002a20000,0x0000000002b20000)]

VM state:not at safepoint (not fully initialized)

VM Mutex/Monitor currently owned by a thread: None

GC Heap History (0 events):
No events

Deoptimization events (0 events):
No events

Internal exceptions (0 events):
No events

Events (10 events):
Event: 0.043 loading class 0x0000000002b6eb90 done
Event: 0.044 loading class 0x0000000002b6e5b0 done
Event: 0.044 loading class 0x0000000002b6e590
Event: 0.044 loading class 0x0000000002b76690
Event: 0.044 loading class 0x0000000002b76690 done
Event: 0.044 loading class 0x0000000002b766c0
Event: 0.044 loading class 0x0000000002b766c0 done
Event: 0.044 loading class 0x0000000002b766f0
Event: 0.044 loading class 0x0000000002b766f0 done
Event: 0.044 loading class 0x0000000002b6e590 done


Dynamic libraries:
0x000007f72df30000 - 0x000007f72df63000 	C:\Program Files\Java\jdk1.7.0_51\bin\javaw.exe
0x000007fdffff0000 - 0x000007fe001ae000 	C:\Windows\SYSTEM32\ntdll.dll
0x000007fdff890000 - 0x000007fdff9c7000 	C:\Windows\system32\KERNEL32.DLL
0x000007fdfcfc0000 - 0x000007fdfd0b4000 	C:\Windows\system32\KERNELBASE.dll
0x000007fdff1c0000 - 0x000007fdff29e000 	C:\Windows\system32\ADVAPI32.dll
0x000007fdfda30000 - 0x000007fdfdb7c000 	C:\Windows\system32\USER32.dll
0x000007fdfa760000 - 0x000007fdfa9ca000 	C:\Windows\WinSxS\amd64_microsoft.windows.common-controls_6595b64144ccf1df_6.0.9200.16579_none_418ab7ef718b27ef\COMCTL32.dll
0x000007fdfd970000 - 0x000007fdfda15000 	C:\Windows\system32\msvcrt.dll
0x000007fdffd20000 - 0x000007fdffd68000 	C:\Windows\SYSTEM32\sechost.dll
0x000007fdff9d0000 - 0x000007fdffb15000 	C:\Windows\system32\RPCRT4.dll
0x000007fdfdd40000 - 0x000007fdfde81000 	C:\Windows\system32\GDI32.dll
0x000007fdffd70000 - 0x000007fdffda9000 	C:\Windows\system32\IMM32.DLL
0x000007fdfd520000 - 0x000007fdfd636000 	C:\Windows\system32\MSCTF.dll
0x00000000697f0000 - 0x00000000698c2000 	C:\Program Files\Java\jdk1.7.0_51\jre\bin\msvcr100.dll
0x0000000069020000 - 0x00000000697e9000 	C:\Program Files\Java\jdk1.7.0_51\jre\bin\server\jvm.dll
0x000007fdefff0000 - 0x000007fdefff9000 	C:\Windows\SYSTEM32\WSOCK32.dll
0x000007fdf9f00000 - 0x000007fdf9f20000 	C:\Windows\SYSTEM32\WINMM.dll
0x000007fdfda20000 - 0x000007fdfda27000 	C:\Windows\system32\PSAPI.DLL
0x000007fdffb20000 - 0x000007fdffb78000 	C:\Windows\system32\WS2_32.dll
0x000007fdf9e00000 - 0x000007fdf9e33000 	C:\Windows\SYSTEM32\WINMMBASE.dll
0x000007fdfdd30000 - 0x000007fdfdd39000 	C:\Windows\system32\NSI.dll
0x000007fdfcf50000 - 0x000007fdfcf9f000 	C:\Windows\SYSTEM32\cfgmgr32.dll
0x000007fdfd350000 - 0x000007fdfd372000 	C:\Windows\system32\DEVOBJ.dll
0x0000000069010000 - 0x000000006901f000 	C:\Program Files\Java\jdk1.7.0_51\jre\bin\verify.dll
0x0000000068fe0000 - 0x0000000069008000 	C:\Program Files\Java\jdk1.7.0_51\jre\bin\java.dll
0x0000000068fc0000 - 0x0000000068fd5000 	C:\Program Files\Java\jdk1.7.0_51\jre\bin\zip.dll

VM Arguments:
jvm_args: -Dfile.encoding=UTF-8 -Xbootclasspath:C:\adt-bundle-windows-x86_64-20131030\sdk\platforms\android-19\android.jar 
java_command: ischool.dsa.client.ContractConnection
Launcher Type: SUN_STANDARD

Environment Variables:
JAVA_HOME=C:\Program Files\Java\jdk1.7.0_51;
PATH=C:\Program Files (x86)\Intel\iCLS Client\;C:\Program Files\Intel\iCLS Client\;C:\Windows\system32;C:\Windows;C:\Windows\System32\Wbem;C:\Windows\System32\WindowsPowerShell\v1.0\;C:\Program Files\Intel\Intel(R) Management Engine Components\DAL;C:\Program Files\Intel\Intel(R) Management Engine Components\IPT;C:\Program Files (x86)\Intel\Intel(R) Management Engine Components\DAL;C:\Program Files (x86)\Intel\Intel(R) Management Engine Components\IPT;C:\Program Files\nodejs\;D:\dev\adt-bundle-windows-x86_64-20130729\sdk\platform-tools;D:\dev\adt-bundle-windows-x86_64-20130729\sdk\tools;C:\ant\bin;C:\Program Files (x86)\Git\cmd;C:\Program Files (x86)\Windows Kits\8.1\Windows Performance Toolkit\;C:\Program Files\Microsoft SQL Server\110\Tools\Binn\;C:\Program Files (x86)\Microsoft SDKs\TypeScript\1.0\;C:\Users\西華\AppData\Roaming\npm;C:\ant\bin;C:\Program Files\Java\jdk1.7.0_51\bin;C:\adt-bundle-windows-x86_64-20131030\sdk\platform-tools;C:\adt-bundle-windows-x86_64-20131030\sdk\tools;C:\Program Files\Java\jdk1.7.0_51;\bin;C:\ant\bin;
USERNAME=西華
OS=Windows_NT
PROCESSOR_IDENTIFIER=Intel64 Family 6 Model 42 Stepping 7, GenuineIntel



---------------  S Y S T E M  ---------------

OS: Windows 8 , 64 bit Build 9200 

CPU:total 8 (4 cores per cpu, 2 threads per core) family 6 model 42 stepping 7, cmov, cx8, fxsr, mmx, sse, sse2, sse3, ssse3, sse4.1, sse4.2, popcnt, avx, aes, ht, tsc, tscinvbit

Memory: 4k page, physical 8351580k(3266428k free), swap 11759452k(4088860k free)

vm_info: Java HotSpot(TM) 64-Bit Server VM (24.51-b03) for windows-amd64 JRE (1.7.0_51-b13), built on Dec 18 2013 18:40:56 by "java_re" with unknown MS VC++:1600

time: Tue Jul 29 17:11:47 2014
elapsed time: 0 seconds

